{"C:\\Users\\mrgin\\Documents\\reactice\\notReact\\CTCI\\arrays_strings\\1.a.js": {"path":"C:\\Users\\mrgin\\Documents\\reactice\\notReact\\CTCI\\arrays_strings\\1.a.js","statementMap":{"0":{"start":{"line":9,"column":2},"end":{"line":9,"column":23}},"1":{"start":{"line":9,"column":12},"end":{"line":9,"column":23}},"2":{"start":{"line":12,"column":12},"end":{"line":12,"column":21}},"3":{"start":{"line":14,"column":2},"end":{"line":22,"column":3}},"4":{"start":{"line":14,"column":15},"end":{"line":14,"column":16}},"5":{"start":{"line":16,"column":4},"end":{"line":21,"column":5}},"6":{"start":{"line":17,"column":6},"end":{"line":17,"column":26}},"7":{"start":{"line":20,"column":6},"end":{"line":20,"column":25}},"8":{"start":{"line":25,"column":2},"end":{"line":27,"column":3}},"9":{"start":{"line":25,"column":15},"end":{"line":25,"column":16}},"10":{"start":{"line":26,"column":4},"end":{"line":26,"column":45}},"11":{"start":{"line":26,"column":31},"end":{"line":26,"column":45}},"12":{"start":{"line":30,"column":2},"end":{"line":30,"column":13}},"13":{"start":{"line":33,"column":0},"end":{"line":33,"column":32}}},"fnMap":{"0":{"name":"firstNonRepeat","decl":{"start":{"line":7,"column":9},"end":{"line":7,"column":23}},"loc":{"start":{"line":7,"column":29},"end":{"line":31,"column":1}},"line":7}},"branchMap":{"0":{"loc":{"start":{"line":9,"column":2},"end":{"line":9,"column":23}},"type":"if","locations":[{"start":{"line":9,"column":2},"end":{"line":9,"column":23}},{"start":{"line":9,"column":2},"end":{"line":9,"column":23}}],"line":9},"1":{"loc":{"start":{"line":16,"column":4},"end":{"line":21,"column":5}},"type":"if","locations":[{"start":{"line":16,"column":4},"end":{"line":21,"column":5}},{"start":{"line":16,"column":4},"end":{"line":21,"column":5}}],"line":16},"2":{"loc":{"start":{"line":26,"column":4},"end":{"line":26,"column":45}},"type":"if","locations":[{"start":{"line":26,"column":4},"end":{"line":26,"column":45}},{"start":{"line":26,"column":4},"end":{"line":26,"column":45}}],"line":26}},"s":{"0":6,"1":1,"2":5,"3":5,"4":5,"5":46,"6":27,"7":19,"8":5,"9":5,"10":31,"11":3,"12":2,"13":1},"f":{"0":6},"b":{"0":[1,5],"1":[27,19],"2":[3,28]},"_coverageSchema":"1a1c01bbd47fc00a2c39e90264f33305004495a9","hash":"d3e2a85367c560776a804662209b3ccbf4e95c3f"}
}
